https://www.reddit.com/r/javascript/comments/7l7k6f/question_about_advanced_javascript/
https://www.reddit.com/r/linux/comments/7l7f74/advice_about_antergosarch/
https://www.reddit.com/r/tifu/comments/7l1a3e/tifu_by_bringing_a_whole_pot_of_coffee_to_school/
https://www.reddit.com/r/seduction/comments/7l8t31/being_drunk_ruins_your_game/
https://www.reddit.com/r/javascript/comments/7l2axk/wtf_wednesday_december_20_2017/
https://www.reddit.com/r/javascript/comments/7l9l46/any_daily_javascript_coding_challenges/
https://www.reddit.com/r/javascript/comments/7l1b0q/question_artificial_intelligence_brainjs/
https://www.reddit.com/r/nottheonion/comments/778lez/lets_talk_about_what_it_means_to_be_not_the_onion/
https://www.marketwatch.com/story/this-professional-dominatrix-made-men-mine-1-million-in-cryptocurrency-for-her-2017-12-20
https://www.reddit.com/r/haskell/comments/7l9woo/trying_to_build_a_compiler_in_haskell_i_have_a/
https://www.reddit.com/r/spotify/comments/7l85ar/what_is_this_on_spotify_app/
https://www.reddit.com/r/learnjavascript/comments/7laj2j/how_do_you_debug_a_javascript_bug_that_involves/
https://www.reddit.com/r/javascript/comments/7lagg0/javascript_is_actually_a_joy_to_use/
https://imgur.com/a/ZnjWW
https://www.reddit.com/r/unixporn/comments/7lfjqd/weekly_workshop_20171222/
https://www.reddit.com/r/unixporn/comments/7jxv0t/weekly_workshop_20171215/
https://www.reddit.com/r/unixporn/comments/7lfjqd/weekly_workshop_20171222/
http://www.stgeorgeutah.com/news/archive/2017/12/21/jcw-hurricane-man-hit-killed-by-alleged-impaired-driver-while-helping-stranded-driver-on-i-15/
https://imgur.com/gallery/EngT4
https://www.reddit.com/r/linux/comments/7lvhli/why_i_left_elementary_os_despite_it_being_my/
https://gfycat.com/GaseousSleepyAssassinbug
https://i.imgur.com/1i6tzmV.jpg
https://i.redd.it/aedmy7ia9z501.jpg
https://i.redd.it/dnwq5nd5az501.jpg
https://www.reddit.com/r/javascript/comments/7lzxxp/how_to_remove_elements_in_javascript_i_tried_many/
https://www.reddit.com/r/javascript/comments/7lzxxp/how_to_remove_elements_in_javascript_i_tried_many/
https://www.reddit.com/r/SocialEngineering/comments/7m2wqx/personal_advice/
https://www.reddit.com/r/FreeCodeCamp/comments/7m46g9/algorithms_and_plagiarism_concern/
https://www.reddit.com/r/archlinux/comments/7m4mfv/resume_from_hibernate_goes_to_black_screen/
https://github.com/ooade/Advanced-JavaScript
https://i.redd.it/kymj0qkyh2601.jpg
https://i.redd.it/kymj0qkyh2601.jpg
https://www.reddit.com/r/unixporn/comments/7m14eh/merry_christmas_what_did_you_get/
https://www.reddit.com/r/unixporn/comments/7m14eh/merry_christmas_what_did_you_get/
https://i.redd.it/azg7ouhynb601.jpg
https://i.redd.it/2muydkzdzd601.png
https://i.redd.it/b0yh447ivc601.jpg
https://www.reddit.com/r/seduction/comments/7mcn68/for_those_new_to_seddit/
https://www.reddit.com/r/unixporn/comments/7metpq/color_scheme_of_st_terminal_home_page/
https://www.reddit.com/r/unixporn/comments/7metpq/color_scheme_of_st_terminal_home_page/
https://www.reddit.com/r/unixporn/comments/7mfa9s/tmux_with_gui/
https://imgur.com/a/Qsdwa
https://i.imgur.com/2dIyrMa.jpg
https://www.reddit.com/r/books/comments/7mffab/today_i_finished_war_and_peace/
https://i.redd.it/uspqvcmzah601.png
https://i.redd.it/b0yh447ivc601.jpg
https://i.redd.it/c4rcbp1at7601.jpg
https://imgur.com/a/Qsdwa
https://www.reddit.com/r/seduction/comments/7mi5x8/anyone_wanna_hear_a_cute_girl_pick_up_other_girls/
https://www.reddit.com/r/linux/comments/7mfnnf/fix_released_for_ubuntu_1710affected_lenovo_bios/
https://i.redd.it/cef964l80i601.jpg
https://www.reddit.com/r/IWantToLearn/comments/7mg377/iwtl_what_are_the_best_skills_to_learn_in_your/
https://www.reddit.com/r/learnjavascript/comments/7misl2/just_got_a_raspberry_pi_for_christmas_i_know/
https://www.reddit.com/r/unixporn/comments/7metpq/color_scheme_of_st_terminal_home_page/
https://imgur.com/a/zsfHx
https://i.imgur.com/dn2q940.jpg
http://a.singlediv.com/
https://imgur.com/a/E3E1m
https://www.reddit.com/r/books/comments/7mn66k/the_subtle_art_of_not_giving_a_fck/
https://i.imgur.com/CawuljA.gifv
https://i.imgur.com/V1i8Gty.jpg
https://www.reddit.com/r/selfimprovement/comments/7mnzu8/how_to_become_a_more_interestingbetter/
https://imgur.com/a/nIWJY
https://www.reddit.com/r/askscience/comments/7mmz8i/why_do_computers_and_game_consoles_need_to/
https://i.imgur.com/dn2q940.jpg
https://imgur.com/a/uBO9i
https://imgur.com/a/uBO9i
https://i.redd.it/osf9tovmdo601.jpg
https://www.reddit.com/r/tifu/comments/7mmagh/tifu_by_kicking_my_2_year_old_daughter_in_the_face/
https://www.reddit.com/r/tifu/comments/7moqdx/tifu_by_accidentally_flashed_my_teacher_while/
https://www.reddit.com/r/tifu/comments/7meyfx/tifu_by_giving_my_wife_a_black_eye_for_christmas/
https://www.reddit.com/r/tifu/comments/7mpo3e/tifu_by_giving_emergency_first_aid_to_a_stranger/
https://www.reddit.com/r/tifu/comments/7mkmsg/tifu_by_closing_my_door_all_the_way_nsfw/
https://www.reddit.com/r/tifu/comments/7mqqs6/tifu_by_getting_scammed_like_a_moron_and_only/
https://www.reddit.com/r/tifu/comments/7mk8gz/tifu_by_spending_30_because_of_my_anxiety_and_how/
https://www.reddit.com/r/tifu/comments/7mj45i/tifu_by_breaking_the_work_computers_for_2_hours/
https://www.reddit.com/r/tifu/comments/7miq46/tifu_by_getting_lost_in_a_movie_theater/
https://www.reddit.com/r/tifu/comments/7mb85a/tifu_by_saving_my_roommates_puppy_convincing/
https://www.reddit.com/r/tifu/comments/7mgzhm/tifu_by_almost_paralyzing_myself_while_taking_my/
https://www.reddit.com/r/tifu/comments/7mbqr1/tifu_by_eating_leftover_popcorn/
https://www.reddit.com/r/tifu/comments/7m47p8/tifu_by_deleting_my_dads_20_year_old_primary/
https://www.reddit.com/r/askscience/comments/7mmz8i/why_do_computers_and_game_consoles_need_to/
https://www.reddit.com/r/askscience/comments/7mmz8i/why_do_computers_and_game_consoles_need_to/
https://www.reddit.com/r/askscience/comments/7mmz8i/why_do_computers_and_game_consoles_need_to/
https://gfycat.com/WhiteGloriousHoopoe
https://www.reddit.com/r/unixporn/comments/7mtm26/i3_workspace_block_for_yabar/
https://www.reddit.com/r/IWantToLearn/comments/7kq2b9/iwtl_how_to_sing/
https://www.reddit.com/r/IWantToLearn/comments/7kq2b9/iwtl_how_to_sing/
https://i.redd.it/f8mdgpg4bq601.png
https://i.redd.it/f8mdgpg4bq601.png
https://i.redd.it/f8mdgpg4bq601.png
https://imgur.com/a/ZRD3B
https://www.reddit.com/r/unixporn/comments/7mtm26/i3_workspace_block_for_yabar/
https://i.redd.it/rk67008j8v601.png
https://imgur.com/a/fjv21
https://www.reddit.com/r/unixporn/comments/7mtm26/i3_workspace_block_for_yabar/
https://imgur.com/a/T1MxL
https://imgur.com/a/zsfHx
https://i.redd.it/f8mdgpg4bq601.png
https://i.redd.it/efrz76815v601.jpg
https://api.reddit.com/comments/7mgatd/_/druh7ol
https://api.reddit.com/comments/7mgatd/_/druh7ol
https://i.redd.it/2tvo16znj5701.png
https://i.imgur.com/9j97nOV.gifv
https://imgur.com/gallery/WGO3x
https://i.redd.it/fybth8gdlx701.png
https://imgur.com/ntikqCL
https://i.redd.it/isopixx255801.jpg